<?xml version="1.0" encoding="UTF-8"?>
<!-- Generated by org.testng.reporters.JUnitXMLReporter -->
<testsuite ignored="0" hostname="DESKTOP-CQ5Q84P" failures="0" tests="4" name="CTest" time="0.213" errors="0" timestamp="2024-06-24T21:29:28 IST">
  <testcase classname="testbase.Basicsetup" name="@BeforeClass setup" time="-1.719244767945E9">
    <failure type="org.testng.TestNGException" message="
Parameter &amp;apos;osystem&amp;apos; is required by BeforeClass on method setup but has not been marked @Optional or defined
in C:\Users\USER\eclipse-workspace\lumapractise\testng.xml">
      <![CDATA[org.testng.TestNGException: 
Parameter 'osystem' is required by BeforeClass on method setup but has not been marked @Optional or defined
in C:\Users\USER\eclipse-workspace\lumapractise\testng.xml
at java.base/java.util.ArrayList.forEach(ArrayList.java:1511)
... Removed 22 stack frames]]>
    </failure>
  </testcase> <!-- @BeforeClass setup -->
  <testcase classname="testbase.Basicsetup" name="@AfterClass teardown" time="0.0">
    <skipped/>
  </testcase> <!-- @AfterClass teardown -->
  <testcase classname="testbase.Basicsetup" name="@BeforeClass setup" time="-1.719244768027E9">
    <failure type="org.testng.TestNGException" message="
Parameter &amp;apos;osystem&amp;apos; is required by BeforeClass on method setup but has not been marked @Optional or defined
in C:\Users\USER\eclipse-workspace\lumapractise\testng.xml">
      <![CDATA[org.testng.TestNGException: 
Parameter 'osystem' is required by BeforeClass on method setup but has not been marked @Optional or defined
in C:\Users\USER\eclipse-workspace\lumapractise\testng.xml
at java.base/java.util.ArrayList.forEach(ArrayList.java:1511)
... Removed 22 stack frames]]>
    </failure>
  </testcase> <!-- @BeforeClass setup -->
  <testcase classname="testbase.Basicsetup" name="@AfterClass teardown" time="0.0">
    <skipped/>
  </testcase> <!-- @AfterClass teardown -->
  <testcase classname="testbase.Basicsetup" name="@BeforeClass setup" time="-1.719244768047E9">
    <failure type="org.testng.TestNGException" message="
Parameter &amp;apos;osystem&amp;apos; is required by BeforeClass on method setup but has not been marked @Optional or defined
in C:\Users\USER\eclipse-workspace\lumapractise\testng.xml">
      <![CDATA[org.testng.TestNGException: 
Parameter 'osystem' is required by BeforeClass on method setup but has not been marked @Optional or defined
in C:\Users\USER\eclipse-workspace\lumapractise\testng.xml
at java.base/java.util.ArrayList.forEach(ArrayList.java:1511)
... Removed 22 stack frames]]>
    </failure>
  </testcase> <!-- @BeforeClass setup -->
  <testcase classname="testbase.Basicsetup" name="@AfterClass teardown" time="0.0">
    <skipped/>
  </testcase> <!-- @AfterClass teardown -->
  <testcase classname="testbase.Basicsetup" name="@BeforeClass setup" time="-1.71924476807E9">
    <failure type="org.testng.TestNGException" message="
Parameter &amp;apos;osystem&amp;apos; is required by BeforeClass on method setup but has not been marked @Optional or defined
in C:\Users\USER\eclipse-workspace\lumapractise\testng.xml">
      <![CDATA[org.testng.TestNGException: 
Parameter 'osystem' is required by BeforeClass on method setup but has not been marked @Optional or defined
in C:\Users\USER\eclipse-workspace\lumapractise\testng.xml
at java.base/java.util.ArrayList.forEach(ArrayList.java:1511)
... Removed 22 stack frames]]>
    </failure>
  </testcase> <!-- @BeforeClass setup -->
  <testcase classname="testbase.Basicsetup" name="@AfterClass teardown" time="0.0">
    <skipped/>
  </testcase> <!-- @AfterClass teardown -->
  <testcase classname="testcases.TC_004_billingaddrees" name="bill" time="0.0">
    <skipped/>
  </testcase> <!-- bill -->
  <testcase classname="testcases.TC_003_additemtocart" name="cart" time="0.0">
    <skipped/>
  </testcase> <!-- cart -->
  <testcase classname="testcases.TC_001_accountcreation" name="verifyfirstname" time="0.0">
    <skipped/>
  </testcase> <!-- verifyfirstname -->
  <testcase classname="testcases.TC_002_sigin" name="sigging" time="0.001">
    <skipped/>
  </testcase> <!-- sigging -->
</testsuite> <!-- CTest -->
