<!DOCTYPE html PUBLIC "-//W3C//DTD XHTML 1.1//EN" "https://www.w3.org/TR/xhtml11/DTD/xhtml11.dtd">
<html xmlns="https://www.w3.org/1999/xhtml">
<head>
<meta http-equiv="content-type" content="text/html; charset=UTF-8"/>
<title>TestNG Report</title>
<style type="text/css">table {margin-bottom:10px;border-collapse:collapse;empty-cells:show}th,td {border:1px solid #009;padding:.25em .5em}th {vertical-align:bottom}td {vertical-align:top}table a {font-weight:bold}.stripe td {background-color: #E6EBF9}.num {text-align:right}.passedodd td {background-color: #3F3}.passedeven td {background-color: #0A0}.skippedodd td {background-color: #DDD}.skippedeven td {background-color: #CCC}.failedodd td,.attn {background-color: #F33}.failedeven td,.stripe .attn {background-color: #D00}.stacktrace {white-space:pre;font-family:monospace}.totop {font-size:85%;text-align:center;border-bottom:2px solid #000}.invisible {display:none}</style>
</head>
<body>
<table>
<tr><th>Test</th><th># Passed</th><th># Skipped</th><th># Retried</th><th># Failed</th><th>Time (ms)</th><th>Included Groups</th><th>Excluded Groups</th></tr>
<tr><th colspan="8">Suite</th></tr>
<tr><td><a href="#t0">CTest</a></td><td class="num">0</td><td class="num attn">4</td><td class="num">0</td><td class="num">0</td><td class="num">213</td><td></td><td></td></tr>
</table>
<table id='summary'><thead><tr><th>Class</th><th>Method</th><th>Start</th><th>Time (ms)</th></tr></thead><tbody><tr><th colspan="4">Suite</th></tr></tbody><tbody id="t0"><tr><th colspan="4">CTest &#8212; failed (configuration methods)</th></tr><tr class="failedeven"><td rowspan="1">testcases.TC_001_accountcreation</td><td><a href="#m0">setup</a></td><td rowspan="1">1719244768047</td><td rowspan="1">-1719244768047</td></tr><tr class="failedodd"><td rowspan="1">testcases.TC_002_sigin</td><td><a href="#m1">setup</a></td><td rowspan="1">1719244768070</td><td rowspan="1">-1719244768070</td></tr><tr class="failedeven"><td rowspan="1">testcases.TC_003_additemtocart</td><td><a href="#m2">setup</a></td><td rowspan="1">1719244768027</td><td rowspan="1">-1719244768027</td></tr><tr class="failedodd"><td rowspan="1">testcases.TC_004_billingaddrees</td><td><a href="#m3">setup</a></td><td rowspan="1">1719244767945</td><td rowspan="1">-1719244767945</td></tr><tr><th colspan="4">CTest &#8212; skipped (configuration methods)</th></tr><tr class="skippedeven"><td rowspan="1">testcases.TC_001_accountcreation</td><td><a href="#m4">teardown</a></td><td rowspan="1">1719244768065</td><td rowspan="1">0</td></tr><tr class="skippedodd"><td rowspan="1">testcases.TC_002_sigin</td><td><a href="#m5">teardown</a></td><td rowspan="1">1719244768090</td><td rowspan="1">0</td></tr><tr class="skippedeven"><td rowspan="1">testcases.TC_003_additemtocart</td><td><a href="#m6">teardown</a></td><td rowspan="1">1719244768041</td><td rowspan="1">0</td></tr><tr class="skippedodd"><td rowspan="1">testcases.TC_004_billingaddrees</td><td><a href="#m7">teardown</a></td><td rowspan="1">1719244768018</td><td rowspan="1">0</td></tr><tr><th colspan="4">CTest &#8212; skipped</th></tr><tr class="skippedeven"><td rowspan="1">testcases.TC_001_accountcreation</td><td><a href="#m8">verifyfirstname</a></td><td rowspan="1">1719244768056</td><td rowspan="1">0</td></tr><tr class="skippedodd"><td rowspan="1">testcases.TC_002_sigin</td><td><a href="#m9">sigging</a></td><td rowspan="1">1719244768082</td><td rowspan="1">1</td></tr><tr class="skippedeven"><td rowspan="1">testcases.TC_003_additemtocart</td><td><a href="#m10">cart</a></td><td rowspan="1">1719244768035</td><td rowspan="1">0</td></tr><tr class="skippedodd"><td rowspan="1">testcases.TC_004_billingaddrees</td><td><a href="#m11">bill</a></td><td rowspan="1">1719244768007</td><td rowspan="1">0</td></tr></tbody>
</table>
<h2>CTest</h2><h3 id="m0">testcases.TC_001_accountcreation#setup</h3><table class="result"><tr><th>Exception</th></tr><tr><td><div class="stacktrace">org.testng.TestNGException: 
Parameter &apos;osystem&apos; is required by BeforeClass on method setup but has not been marked @Optional or defined
in C:\Users\USER\eclipse-workspace\lumapractise\testng.xml
	at java.base/java.util.ArrayList.forEach(ArrayList.java:1511)
... Removed 22 stack frames</div></td></tr></table><p class="totop"><a href="#summary">back to summary</a></p>
<h3 id="m1">testcases.TC_002_sigin#setup</h3><table class="result"><tr><th>Exception</th></tr><tr><td><div class="stacktrace">org.testng.TestNGException: 
Parameter &apos;osystem&apos; is required by BeforeClass on method setup but has not been marked @Optional or defined
in C:\Users\USER\eclipse-workspace\lumapractise\testng.xml
	at java.base/java.util.ArrayList.forEach(ArrayList.java:1511)
... Removed 22 stack frames</div></td></tr></table><p class="totop"><a href="#summary">back to summary</a></p>
<h3 id="m2">testcases.TC_003_additemtocart#setup</h3><table class="result"><tr><th>Exception</th></tr><tr><td><div class="stacktrace">org.testng.TestNGException: 
Parameter &apos;osystem&apos; is required by BeforeClass on method setup but has not been marked @Optional or defined
in C:\Users\USER\eclipse-workspace\lumapractise\testng.xml
	at java.base/java.util.ArrayList.forEach(ArrayList.java:1511)
... Removed 22 stack frames</div></td></tr></table><p class="totop"><a href="#summary">back to summary</a></p>
<h3 id="m3">testcases.TC_004_billingaddrees#setup</h3><table class="result"><tr><th>Exception</th></tr><tr><td><div class="stacktrace">org.testng.TestNGException: 
Parameter &apos;osystem&apos; is required by BeforeClass on method setup but has not been marked @Optional or defined
in C:\Users\USER\eclipse-workspace\lumapractise\testng.xml
	at java.base/java.util.ArrayList.forEach(ArrayList.java:1511)
... Removed 22 stack frames</div></td></tr></table><p class="totop"><a href="#summary">back to summary</a></p>
<h3 id="m4">testcases.TC_001_accountcreation#teardown</h3><table class="result"><tr><th class="invisible"/></tr></table><p class="totop"><a href="#summary">back to summary</a></p>
<h3 id="m5">testcases.TC_002_sigin#teardown</h3><table class="result"><tr><th class="invisible"/></tr></table><p class="totop"><a href="#summary">back to summary</a></p>
<h3 id="m6">testcases.TC_003_additemtocart#teardown</h3><table class="result"><tr><th class="invisible"/></tr></table><p class="totop"><a href="#summary">back to summary</a></p>
<h3 id="m7">testcases.TC_004_billingaddrees#teardown</h3><table class="result"><tr><th class="invisible"/></tr></table><p class="totop"><a href="#summary">back to summary</a></p>
<h3 id="m8">testcases.TC_001_accountcreation#verifyfirstname</h3><table class="result"><tr><th>Exception</th></tr><tr><td><div class="stacktrace">org.testng.TestNGException: 
Parameter &apos;osystem&apos; is required by BeforeClass on method setup but has not been marked @Optional or defined
in C:\Users\USER\eclipse-workspace\lumapractise\testng.xml
	at java.base/java.util.ArrayList.forEach(ArrayList.java:1511)
... Removed 22 stack frames</div></td></tr></table><p class="totop"><a href="#summary">back to summary</a></p>
<h3 id="m9">testcases.TC_002_sigin#sigging</h3><table class="result"><tr><th>Exception</th></tr><tr><td><div class="stacktrace">org.testng.TestNGException: 
Parameter &apos;osystem&apos; is required by BeforeClass on method setup but has not been marked @Optional or defined
in C:\Users\USER\eclipse-workspace\lumapractise\testng.xml
	at java.base/java.util.ArrayList.forEach(ArrayList.java:1511)
... Removed 22 stack frames</div></td></tr></table><p class="totop"><a href="#summary">back to summary</a></p>
<h3 id="m10">testcases.TC_003_additemtocart#cart</h3><table class="result"><tr><th>Exception</th></tr><tr><td><div class="stacktrace">org.testng.TestNGException: 
Parameter &apos;osystem&apos; is required by BeforeClass on method setup but has not been marked @Optional or defined
in C:\Users\USER\eclipse-workspace\lumapractise\testng.xml
	at java.base/java.util.ArrayList.forEach(ArrayList.java:1511)
... Removed 22 stack frames</div></td></tr></table><p class="totop"><a href="#summary">back to summary</a></p>
<h3 id="m11">testcases.TC_004_billingaddrees#bill</h3><table class="result"><tr><th>Exception</th></tr><tr><td><div class="stacktrace">org.testng.TestNGException: 
Parameter &apos;osystem&apos; is required by BeforeClass on method setup but has not been marked @Optional or defined
in C:\Users\USER\eclipse-workspace\lumapractise\testng.xml
	at java.base/java.util.ArrayList.forEach(ArrayList.java:1511)
... Removed 22 stack frames</div></td></tr></table><p class="totop"><a href="#summary">back to summary</a></p>
</body>
</html>
